c:\users\fir3atwill\desktop\cgame-master\cgame\x64\debug\vc141.pdb
c:\users\fir3atwill\desktop\cgame-master\cgame\x64\debug\vc141.idb
c:\users\fir3atwill\desktop\cgame-master\cgame\x64\debug\ability.obj
c:\users\fir3atwill\desktop\cgame-master\cgame\x64\debug\armer_r.obj
c:\users\fir3atwill\desktop\cgame-master\cgame\x64\debug\encounter_r.obj
c:\users\fir3atwill\desktop\cgame-master\cgame\x64\debug\game.obj
c:\users\fir3atwill\desktop\cgame-master\cgame\x64\debug\loottable.obj
c:\users\fir3atwill\desktop\cgame-master\cgame\x64\debug\monster.obj
c:\users\fir3atwill\desktop\cgame-master\cgame\x64\debug\player.obj
c:\users\fir3atwill\desktop\cgame-master\cgame\x64\debug\utilities.obj
c:\users\fir3atwill\desktop\cgame-master\cgame\x64\debug\weapon.obj
c:\users\fir3atwill\desktop\cgame-master\cgame\x64\debug\main.obj
c:\users\fir3atwill\desktop\cgame-master\x64\debug\cgame.ilk
c:\users\fir3atwill\desktop\cgame-master\x64\debug\cgame.exe
c:\users\fir3atwill\desktop\cgame-master\x64\debug\cgame.pdb
c:\users\fir3atwill\desktop\cgame-master\cgame\x64\debug\cgame.tlog\cl.command.1.tlog
c:\users\fir3atwill\desktop\cgame-master\cgame\x64\debug\cgame.tlog\cl.read.1.tlog
c:\users\fir3atwill\desktop\cgame-master\cgame\x64\debug\cgame.tlog\cl.write.1.tlog
c:\users\fir3atwill\desktop\cgame-master\cgame\x64\debug\cgame.tlog\link.command.1.tlog
c:\users\fir3atwill\desktop\cgame-master\cgame\x64\debug\cgame.tlog\link.read.1.tlog
c:\users\fir3atwill\desktop\cgame-master\cgame\x64\debug\cgame.tlog\link.write.1.tlog
